This file contains any messages produced by compilers while
running configure, to aid debugging if configure makes a mistake.

It was created by graphviz configure 2.30.1, which was
generated by GNU Autoconf 2.68.  Invocation command line was

  $ /home/rbelio/projects/relocatable-python3/parts/graphviz__compile__/graphviz-2.30.1/configure --with-zlibdir=/home/rbelio/projects/relocatable-python3/dist

## --------- ##
## Platform. ##
## --------- ##

hostname = rbelio
uname -m = x86_64
uname -r = 4.17.6-1-ARCH
uname -s = Linux
uname -v = #1 SMP PREEMPT Wed Jul 11 19:14:29 UTC 2018

/usr/bin/uname -p = unknown
/bin/uname -X     = unknown

/bin/arch              = unknown
/usr/bin/arch -k       = unknown
/usr/convex/getsysinfo = unknown
/usr/bin/hostinfo      = unknown
/bin/machine           = unknown
/usr/bin/oslevel       = unknown
/bin/universe          = unknown

PATH: /home/rbelio/.venvs/work3/bin
PATH: ~/.pyenv/bin
PATH: /home/rbelio/bin
PATH: /home/rbelio/.local/bin
PATH: /usr/local/bin
PATH: /usr/bin
PATH: /bin
PATH: /usr/local/sbin
PATH: /usr/lib/jvm/default/bin
PATH: /usr/bin/site_perl
PATH: /usr/bin/vendor_perl
PATH: /usr/bin/core_perl
PATH: /var/lib/snapd/snap/bin


## ----------- ##
## Core tests. ##
## ----------- ##

configure:3365: checking build system type
configure:3379: result: x86_64-unknown-linux-gnu
configure:3399: checking host system type
configure:3412: result: x86_64-unknown-linux-gnu
configure:3626: checking for a BSD-compatible install
configure:3694: result: /usr/bin/install -c
configure:3705: checking whether build environment is sane
configure:3755: result: yes
configure:3896: checking for a thread-safe mkdir -p
configure:3935: result: /usr/bin/mkdir -p
configure:3948: checking for gawk
configure:3964: found /usr/bin/gawk
configure:3975: result: gawk
configure:3986: checking whether make sets $(MAKE)
configure:4008: result: yes
configure:4032: error: source directory already configured; run "make distclean" there first

## ---------------- ##
## Cache variables. ##
## ---------------- ##

ac_cv_build=x86_64-unknown-linux-gnu
ac_cv_env_CCC_set=
ac_cv_env_CCC_value=
ac_cv_env_CC_set=
ac_cv_env_CC_value=
ac_cv_env_CFLAGS_set=
ac_cv_env_CFLAGS_value=
ac_cv_env_CPPFLAGS_set=
ac_cv_env_CPPFLAGS_value=
ac_cv_env_CPP_set=
ac_cv_env_CPP_value=
ac_cv_env_CXXCPP_set=
ac_cv_env_CXXCPP_value=
ac_cv_env_CXXFLAGS_set=
ac_cv_env_CXXFLAGS_value=
ac_cv_env_CXX_set=
ac_cv_env_CXX_value=
ac_cv_env_FONTCONFIG_CFLAGS_set=
ac_cv_env_FONTCONFIG_CFLAGS_value=
ac_cv_env_FONTCONFIG_LIBS_set=
ac_cv_env_FONTCONFIG_LIBS_value=
ac_cv_env_FREETYPE2_CFLAGS_set=
ac_cv_env_FREETYPE2_CFLAGS_value=
ac_cv_env_FREETYPE2_LIBS_set=
ac_cv_env_FREETYPE2_LIBS_value=
ac_cv_env_GDK_PIXBUF_CFLAGS_set=
ac_cv_env_GDK_PIXBUF_CFLAGS_value=
ac_cv_env_GDK_PIXBUF_LIBS_set=
ac_cv_env_GDK_PIXBUF_LIBS_value=
ac_cv_env_GLADE_CFLAGS_set=
ac_cv_env_GLADE_CFLAGS_value=
ac_cv_env_GLADE_LIBS_set=
ac_cv_env_GLADE_LIBS_value=
ac_cv_env_GLITZ_CFLAGS_set=
ac_cv_env_GLITZ_CFLAGS_value=
ac_cv_env_GLITZ_LIBS_set=
ac_cv_env_GLITZ_LIBS_value=
ac_cv_env_GTKGLEXT_CFLAGS_set=
ac_cv_env_GTKGLEXT_CFLAGS_value=
ac_cv_env_GTKGLEXT_LIBS_set=
ac_cv_env_GTKGLEXT_LIBS_value=
ac_cv_env_GTKGL_CFLAGS_set=
ac_cv_env_GTKGL_CFLAGS_value=
ac_cv_env_GTKGL_LIBS_set=
ac_cv_env_GTKGL_LIBS_value=
ac_cv_env_GTK_CFLAGS_set=
ac_cv_env_GTK_CFLAGS_value=
ac_cv_env_GTK_LIBS_set=
ac_cv_env_GTK_LIBS_value=
ac_cv_env_GTS_CFLAGS_set=
ac_cv_env_GTS_CFLAGS_value=
ac_cv_env_GTS_LIBS_set=
ac_cv_env_GTS_LIBS_value=
ac_cv_env_GUILE_CFLAGS_set=
ac_cv_env_GUILE_CFLAGS_value=
ac_cv_env_GUILE_LIBS_set=
ac_cv_env_GUILE_LIBS_value=
ac_cv_env_LASI_CFLAGS_set=
ac_cv_env_LASI_CFLAGS_value=
ac_cv_env_LASI_LIBS_set=
ac_cv_env_LASI_LIBS_value=
ac_cv_env_LDFLAGS_set=
ac_cv_env_LDFLAGS_value=
ac_cv_env_LIBS_set=
ac_cv_env_LIBS_value=
ac_cv_env_MING_CFLAGS_set=
ac_cv_env_MING_CFLAGS_value=
ac_cv_env_MING_LIBS_set=
ac_cv_env_MING_LIBS_value=
ac_cv_env_OBJCFLAGS_set=
ac_cv_env_OBJCFLAGS_value=
ac_cv_env_OBJC_set=
ac_cv_env_OBJC_value=
ac_cv_env_PANGOCAIRO_CFLAGS_set=
ac_cv_env_PANGOCAIRO_CFLAGS_value=
ac_cv_env_PANGOCAIRO_LIBS_set=
ac_cv_env_PANGOCAIRO_LIBS_value=
ac_cv_env_PANGOFT2_CFLAGS_set=
ac_cv_env_PANGOFT2_CFLAGS_value=
ac_cv_env_PANGOFT2_LIBS_set=
ac_cv_env_PANGOFT2_LIBS_value=
ac_cv_env_PKG_CONFIG_LIBDIR_set=
ac_cv_env_PKG_CONFIG_LIBDIR_value=
ac_cv_env_PKG_CONFIG_PATH_set=
ac_cv_env_PKG_CONFIG_PATH_value=
ac_cv_env_PKG_CONFIG_set=
ac_cv_env_PKG_CONFIG_value=
ac_cv_env_QTCORE_CFLAGS_set=
ac_cv_env_QTCORE_CFLAGS_value=
ac_cv_env_QTCORE_LIBS_set=
ac_cv_env_QTCORE_LIBS_value=
ac_cv_env_QTGUI_CFLAGS_set=
ac_cv_env_QTGUI_CFLAGS_value=
ac_cv_env_QTGUI_LIBS_set=
ac_cv_env_QTGUI_LIBS_value=
ac_cv_env_RSVG_CFLAGS_set=
ac_cv_env_RSVG_CFLAGS_value=
ac_cv_env_RSVG_LIBS_set=
ac_cv_env_RSVG_LIBS_value=
ac_cv_env_RUBY_CFLAGS_set=
ac_cv_env_RUBY_CFLAGS_value=
ac_cv_env_RUBY_LIBS_set=
ac_cv_env_RUBY_LIBS_value=
ac_cv_env_R_CFLAGS_set=
ac_cv_env_R_CFLAGS_value=
ac_cv_env_R_LIBS_set=
ac_cv_env_R_LIBS_value=
ac_cv_env_WEBP_CFLAGS_set=
ac_cv_env_WEBP_CFLAGS_value=
ac_cv_env_WEBP_LIBS_set=
ac_cv_env_WEBP_LIBS_value=
ac_cv_env_XMKMF_set=
ac_cv_env_XMKMF_value=
ac_cv_env_XRENDER_CFLAGS_set=
ac_cv_env_XRENDER_CFLAGS_value=
ac_cv_env_XRENDER_LIBS_set=
ac_cv_env_XRENDER_LIBS_value=
ac_cv_env_YACC_set=
ac_cv_env_YACC_value=
ac_cv_env_YFLAGS_set=
ac_cv_env_YFLAGS_value=
ac_cv_env_build_alias_set=
ac_cv_env_build_alias_value=
ac_cv_env_host_alias_set=
ac_cv_env_host_alias_value=
ac_cv_env_target_alias_set=
ac_cv_env_target_alias_value=
ac_cv_host=x86_64-unknown-linux-gnu
ac_cv_path_install='/usr/bin/install -c'
ac_cv_path_mkdir=/usr/bin/mkdir
ac_cv_prog_AWK=gawk
ac_cv_prog_make_make_set=yes

## ----------------- ##
## Output variables. ##
## ----------------- ##

ACLOCAL=''
ALLOCA=''
AMDEPBACKSLASH=''
AMDEP_FALSE=''
AMDEP_TRUE=''
AMTAR=''
AM_BACKSLASH=''
AM_DEFAULT_V=''
AM_DEFAULT_VERBOSITY=''
AM_V=''
AR=''
ARGZ_H=''
AUTOCONF=''
AUTOHEADER=''
AUTOMAKE=''
AWK='gawk'
CC=''
CCDEPMODE=''
CFLAGS=''
CONVENIENCE_LTDL_FALSE=''
CONVENIENCE_LTDL_TRUE=''
CPP=''
CPPFLAGS=''
CXX=''
CXXCPP=''
CXXDEPMODE=''
CXXFLAGS=''
CYGPATH_W=''
CYGWIN='no'
DARWIN9='no'
DARWIN=''
DEFS=''
DEPDIR=''
DEVIL_INCLUDES=''
DEVIL_LIBS=''
DLLTOOL=''
DSYMUTIL=''
DUMPBIN=''
ECHO_C=''
ECHO_N='-n'
ECHO_T=''
EGREP=''
ENABLE_LTDL_FALSE=''
ENABLE_LTDL_TRUE=''
ENABLE_SHARED_FALSE=''
ENABLE_SHARED_TRUE=''
ENABLE_STATIC_FALSE=''
ENABLE_STATIC_TRUE=''
EXEEXT=''
EXPAT_CONFIG=''
EXPAT_INCLUDES=''
EXPAT_LIBS=''
EXTRA_SMYRNA_LDFLAGS=''
FGREP=''
FONTCONFIG_CFLAGS=''
FONTCONFIG_CONFIG=''
FONTCONFIG_LIBS=''
FREETYPE2_CFLAGS=''
FREETYPE2_LIBS=''
FREETYPE_CONFIG=''
GDIPLUS_CFLAGS=''
GDIPLUS_HEADS=''
GDIPLUS_LIBS=''
GDK_PIXBUF_CFLAGS=''
GDK_PIXBUF_LIBS=''
GDLIB_CONFIG=''
GD_INCLUDES=''
GD_LIBS=''
GLADE_CFLAGS=''
GLADE_LIBS=''
GLITZ_CFLAGS=''
GLITZ_LIBS=''
GLUT_CFLAGS=''
GLUT_LIBS=''
GO=''
GO_INCLUDES=''
GO_LIBS=''
GRAPHVIZ_COLLECTION='stable'
GRAPHVIZ_SOURCES='graphviz/stable/SOURCES'
GRAPHVIZ_VERSION_BUILD='0'
GRAPHVIZ_VERSION_MAJOR='2'
GRAPHVIZ_VERSION_MICRO='1'
GRAPHVIZ_VERSION_MINOR='30'
GRAPHVIZ_VERSION_REVISION='0'
GREP=''
GROFF=''
GS_CFLAGS=''
GS_LIBS=''
GTKGLEXT_CFLAGS=''
GTKGLEXT_LIBS=''
GTKGL_CFLAGS=''
GTKGL_LIBS=''
GTK_CFLAGS=''
GTK_LIBS=''
GTS_CFLAGS=''
GTS_LIBS=''
GUILE=''
GUILE_CFLAGS=''
GUILE_INCLUDES=''
GUILE_LIBS=''
GVPLUGIN_CONFIG_FILE='config6'
GVPLUGIN_VERSION='6'
GVPLUGIN_VERSION_INFO='6:0:0'
INCLTDL=''
INSTALL_DATA='${INSTALL} -m 644'
INSTALL_LTDL_FALSE=''
INSTALL_LTDL_TRUE=''
INSTALL_PROGRAM='${INSTALL}'
INSTALL_SCRIPT='${INSTALL}'
INSTALL_STRIP_PROGRAM='$(install_sh) -c -s'
IO=''
IO_INCLUDES=''
IO_LIBS=''
IPSEPCOLA_INCLUDES=''
IPSEPCOLA_LIBS=''
JAVA=''
JAVA_INCLUDES=''
JAVA_LIBS=''
LASI_CFLAGS=''
LASI_LIBS=''
LD=''
LDFLAGS=''
LEX=''
LEXLIB=''
LEX_OUTPUT_ROOT=''
LIBADD_DL=''
LIBADD_DLD_LINK=''
LIBADD_DLOPEN=''
LIBADD_SHL_LOAD=''
LIBGEN_LIBS=''
LIBLTDL=''
LIBLTDL_LDFLAGS=''
LIBOBJS=''
LIBS=''
LIBTOOL=''
LIPO=''
LN_S=''
LTDLDEPS=''
LTDLINCL=''
LTDLOPEN=''
LTLIBOBJS=''
LT_CONFIG_H=''
LT_DLLOADERS=''
LT_DLPREOPEN=''
LUA=''
LUACONFIG=''
LUA_INCLUDES=''
LUA_INSTALL_DIR=''
LUA_LIBS=''
MAKEINFO=''
MANIFEST_TOOL=''
MATH_LIBS=''
MCS=''
MINGW32='no'
MING_CFLAGS=''
MING_LIBS=''
MKDIR_P='/usr/bin/mkdir -p'
NM=''
NMEDIT=''
OBJC=''
OBJCDEPMODE=''
OBJCFLAGS=''
OBJDUMP=''
OBJEXT=''
OCAML=''
OCAML_INCLUDES=''
OCAML_LIBS=''
OCAML_OPT=''
OTOOL64=''
OTOOL=''
PACKAGE=''
PACKAGE_BUGREPORT='http://www.graphviz.org/'
PACKAGE_NAME='graphviz'
PACKAGE_STRING='graphviz 2.30.1'
PACKAGE_TARNAME='graphviz'
PACKAGE_URL=''
PACKAGE_VERSION='2.30.1'
PANGOCAIRO_CFLAGS=''
PANGOCAIRO_LIBS=''
PANGOFT2_CFLAGS=''
PANGOFT2_LIBS=''
PATH_SEPARATOR=':'
PERL=''
PERL_INCLUDES=''
PERL_INSTALL_DIR=''
PERL_LIBS=''
PHP=''
PHP_INCLUDES=''
PHP_INSTALL_DATADIR=''
PHP_INSTALL_DIR=''
PHP_LIBS=''
PKGCONFIG=''
PKG_CONFIG=''
PKG_CONFIG_LIBDIR=''
PKG_CONFIG_PATH=''
PLATFORMSDKINCLUDE=''
PLATFORMSDKINCLUDE_ESCAPED=''
PLATFORMSDKLIB=''
PS2PDF=''
PYTHON23=''
PYTHON23_INCLUDES=''
PYTHON23_INSTALL_DIR=''
PYTHON23_LIBS=''
PYTHON24=''
PYTHON24_INCLUDES=''
PYTHON24_INSTALL_DIR=''
PYTHON24_LIBS=''
PYTHON25=''
PYTHON25_INCLUDES=''
PYTHON25_INSTALL_DIR=''
PYTHON25_LIBS=''
PYTHON26=''
PYTHON26_INCLUDES=''
PYTHON26_INSTALL_DIR=''
PYTHON26_LIBS=''
PYTHON27=''
PYTHON27_INCLUDES=''
PYTHON27_INSTALL_DIR=''
PYTHON27_LIBS=''
PYTHON=''
PYTHON_INCLUDES=''
PYTHON_INSTALL_DIR=''
PYTHON_LIBS=''
QMAKE=''
QTCORE_CFLAGS=''
QTCORE_LIBS=''
QTGUI_CFLAGS=''
QTGUI_LIBS=''
QUARTZ_CFLAGS=''
QUARTZ_LIBS=''
RANLIB=''
RC=''
RC_IS_RC_FALSE=''
RC_IS_RC_TRUE=''
RC_IS_WINDRES_FALSE=''
RC_IS_WINDRES_TRUE=''
RSVG_CFLAGS=''
RSVG_LIBS=''
RUBY=''
RUBY_CFLAGS=''
RUBY_INSTALL_DIR=''
RUBY_LIBS=''
R_CFLAGS=''
R_LIBS=''
SED=''
SET_MAKE=''
SHARP_INCLUDES=''
SHARP_LIBS=''
SHELL='/bin/sh'
SOCKET_LIBS=''
SORT=''
STRIP=''
SWIG=''
TCLINT_INCLUDES=''
TCLSH=''
TCL_CFLAGS=''
TCL_DEFS=''
TCL_INCLUDES=''
TCL_INSTALL_DIR=''
TCL_LIBS=''
TCL_MAJOR_VERSION=''
TCL_MINOR_VERSION=''
TCL_PATCH_LEVEL=''
TCL_PKGINDEX=''
TCL_PKGINDEX_GD=''
TCL_PKGINDEX_SWIG=''
TCL_SHLIB_SUFFIX=''
TCL_SRC_DIR=''
TCL_STUB_LIB_SPEC=''
TCL_VERSION=''
TKINT_INCLUDES=''
TK_CFLAGS=''
TK_DEFS=''
TK_INCLUDES=''
TK_LIB_SPEC=''
TK_MAJOR_VERSION=''
TK_MINOR_VERSION=''
TK_PATCH_LEVEL=''
TK_PKGINDEX=''
TK_SRC_DIR=''
TK_STUB_LIB_SPEC=''
TK_VERSION=''
TK_XINCLUDES=''
VERSION=''
VERSION_DATE='20180722.1402'
VISIO_CFLAGS=''
VISIO_LIBS=''
WEBP_CFLAGS=''
WEBP_LIBS=''
WISH=''
WITH_CGRAPH_FALSE=''
WITH_CGRAPH_TRUE=''
WITH_DARWIN9_FALSE=''
WITH_DARWIN9_TRUE='#'
WITH_DEVIL_FALSE=''
WITH_DEVIL_TRUE=''
WITH_FONTCONFIG_FALSE=''
WITH_FONTCONFIG_TRUE=''
WITH_FREETYPE2_FALSE=''
WITH_FREETYPE2_TRUE=''
WITH_GDIPLUS_FALSE=''
WITH_GDIPLUS_TRUE=''
WITH_GDK_PIXBUF_FALSE=''
WITH_GDK_PIXBUF_TRUE=''
WITH_GLADE_FALSE=''
WITH_GLADE_TRUE=''
WITH_GLITZ_FALSE=''
WITH_GLITZ_TRUE=''
WITH_GO_FALSE=''
WITH_GO_TRUE=''
WITH_GS_FALSE=''
WITH_GS_TRUE=''
WITH_GTKGLEXT_FALSE=''
WITH_GTKGLEXT_TRUE=''
WITH_GTKGL_FALSE=''
WITH_GTKGL_TRUE=''
WITH_GTK_FALSE=''
WITH_GTK_TRUE=''
WITH_GTS_FALSE=''
WITH_GTS_TRUE=''
WITH_GUILE_FALSE=''
WITH_GUILE_TRUE=''
WITH_IO_FALSE=''
WITH_IO_TRUE=''
WITH_IPSEPCOLA_FALSE=''
WITH_IPSEPCOLA_TRUE=''
WITH_JAVA_FALSE=''
WITH_JAVA_TRUE=''
WITH_LASI_FALSE=''
WITH_LASI_TRUE=''
WITH_LIBGD_FALSE=''
WITH_LIBGD_TRUE=''
WITH_LUA_FALSE=''
WITH_LUA_TRUE=''
WITH_MING_FALSE=''
WITH_MING_TRUE=''
WITH_OCAMLOPT_FALSE=''
WITH_OCAMLOPT_TRUE=''
WITH_OCAML_FALSE=''
WITH_OCAML_TRUE=''
WITH_ORTHO_FALSE=''
WITH_ORTHO_TRUE=''
WITH_PANGOCAIRO_FALSE=''
WITH_PANGOCAIRO_TRUE=''
WITH_PERL_FALSE=''
WITH_PERL_TRUE=''
WITH_PHP_FALSE=''
WITH_PHP_TRUE=''
WITH_PYTHON23_FALSE=''
WITH_PYTHON23_TRUE=''
WITH_PYTHON24_FALSE=''
WITH_PYTHON24_TRUE=''
WITH_PYTHON25_FALSE=''
WITH_PYTHON25_TRUE=''
WITH_PYTHON26_FALSE=''
WITH_PYTHON26_TRUE=''
WITH_PYTHON27_FALSE=''
WITH_PYTHON27_TRUE=''
WITH_PYTHON_FALSE=''
WITH_PYTHON_TRUE=''
WITH_QT_FALSE=''
WITH_QT_TRUE=''
WITH_QUARTZ_FALSE=''
WITH_QUARTZ_TRUE=''
WITH_RSVG_FALSE=''
WITH_RSVG_TRUE=''
WITH_RUBY_FALSE=''
WITH_RUBY_TRUE=''
WITH_R_FALSE=''
WITH_R_TRUE=''
WITH_SFDP_FALSE=''
WITH_SFDP_TRUE=''
WITH_SHARP_FALSE=''
WITH_SHARP_TRUE=''
WITH_SMYRNA_FALSE=''
WITH_SMYRNA_TRUE=''
WITH_SWIG_FALSE=''
WITH_SWIG_TRUE=''
WITH_TCL_FALSE=''
WITH_TCL_TRUE=''
WITH_TK_FALSE=''
WITH_TK_TRUE=''
WITH_VISIO_FALSE=''
WITH_VISIO_TRUE=''
WITH_WEBP_FALSE=''
WITH_WEBP_TRUE=''
WITH_WIN32_FALSE=''
WITH_WIN32_TRUE='#'
WITH_XAW_FALSE=''
WITH_XAW_TRUE=''
WITH_XRENDER_FALSE=''
WITH_XRENDER_TRUE=''
WITH_X_FALSE=''
WITH_X_TRUE=''
XAW_INCLUDES=''
XAW_LIBS=''
XMKMF=''
XPM_INCLUDES=''
XPM_LIBS=''
XRENDER_CFLAGS=''
XRENDER_LIBS=''
X_CFLAGS=''
X_EXTRA_LIBS=''
X_LIBS=''
X_PRE_LIBS=''
YACC=''
YFLAGS=''
Z_INCLUDES=''
Z_LIBS=''
ac_ct_AR=''
ac_ct_CC=''
ac_ct_CXX=''
ac_ct_DUMPBIN=''
ac_ct_OBJC=''
am__EXEEXT_FALSE=''
am__EXEEXT_TRUE=''
am__fastdepCC_FALSE=''
am__fastdepCC_TRUE=''
am__fastdepCXX_FALSE=''
am__fastdepCXX_TRUE=''
am__fastdepOBJC_FALSE=''
am__fastdepOBJC_TRUE=''
am__include=''
am__isrc=' -I$(srcdir)'
am__leading_dot='.'
am__nodep=''
am__quote=''
am__tar=''
am__untar=''
bindir='${exec_prefix}/bin'
build='x86_64-unknown-linux-gnu'
build_alias=''
build_cpu='x86_64'
build_os='linux-gnu'
build_vendor='unknown'
datadir='${datarootdir}'
datarootdir='${prefix}/share'
docdir='${datarootdir}/doc/${PACKAGE_TARNAME}'
dvidir='${docdir}'
exec_prefix='NONE'
host='x86_64-unknown-linux-gnu'
host_alias=''
host_cpu='x86_64'
host_os='linux-gnu'
host_vendor='unknown'
htmldir='${docdir}'
includedir='${prefix}/include'
infodir='${datarootdir}/info'
install_sh='${SHELL} /home/rbelio/projects/relocatable-python3/parts/graphviz__compile__/graphviz-2.30.1/config/install-sh'
libdir='${exec_prefix}/lib'
libexecdir='${exec_prefix}/libexec'
localedir='${datarootdir}/locale'
localstatedir='${prefix}/var'
ltdl_LIBOBJS=''
ltdl_LTLIBOBJS=''
mandir='${datarootdir}/man'
mkdir_p='/usr/bin/mkdir -p'
oldincludedir='/usr/include'
pdfdir='${docdir}'
prefix='NONE'
program_transform_name='s,x,x,'
psdir='${docdir}'
sbindir='${exec_prefix}/sbin'
sharedstatedir='${prefix}/com'
subdirs=''
sys_symbol_underscore=''
sysconfdir='${prefix}/etc'
target_alias=''

## ----------- ##
## confdefs.h. ##
## ----------- ##

/* confdefs.h */
#define PACKAGE_NAME "graphviz"
#define PACKAGE_TARNAME "graphviz"
#define PACKAGE_VERSION "2.30.1"
#define PACKAGE_STRING "graphviz 2.30.1"
#define PACKAGE_BUGREPORT "http://www.graphviz.org/"
#define PACKAGE_URL ""
#define GVPLUGIN_CONFIG_FILE "config6"
#define GVPLUGIN_VERSION 6
#define DEFAULT_FONTPATH "/usr/share/fonts/sun/TrueType:/usr/share/fonts/TrueType:/usr/X11/lib/X11/fonts/TrueType:/usr/share/fonts/sun/Type1:/usr/openwin/lib/X11/fonts/Type1:/usr/share/fonts/X11/Type1:/usr/share/fonts/default/Type1:/usr/X11R6/lib/X11/fonts/TrueType:/usr/X11R6/lib/X11/fonts/truetype:/usr/X11R6/lib/X11/fonts/TTF:/usr/share/fonts/truetype:/usr/openwin/lib/X11/fonts/TrueType:/usr/X11R6/lib/X11/fonts/Type1:/usr/common/share/fonts/ttf"
#define PATHSEPARATOR ":"
#define NO_POSTSCRIPT_ALIAS 0
#define DEFAULT_DPI 96
#define BROWSER "xdg-open"

configure: exit 1
